# JRE version: Java(TM) SE Runtime Environment (7.0_80-b15) (build 1.7.0_80-b15)
# Java VM: Java HotSpot(TM) 64-Bit Server VM (24.80-b11 mixed mode windows-amd64 compressed oops)
Heap
 PSYoungGen      total 6656K, used 4621K [0x00000000f0500000, 0x00000000f1700000, 0x0000000100000000)
  eden space 6144K, 75% used [0x00000000f0500000,0x00000000f0983760,0x00000000f0b00000)
  from space 512K, 0% used [0x00000000f0b00000,0x00000000f0b00000,0x00000000f0b80000)
  to   space 3072K, 0% used [0x00000000f1400000,0x00000000f1400000,0x00000000f1700000)
 ParOldGen       total 12288K, used 4586K [0x00000000d1000000, 0x00000000d1c00000, 0x00000000f0500000)
  object space 12288K, 37% used [0x00000000d1000000,0x00000000d147a940,0x00000000d1c00000)
 PSPermGen       total 21504K, used 6485K [0x00000000cbe00000, 0x00000000cd300000, 0x00000000d1000000)
  object space 21504K, 30% used [0x00000000cbe00000,0x00000000cc455418,0x00000000cd300000)
GC Heap History (10 events):
Event: 4.753 GC heap before
{Heap before GC invocations=2 (full 0):
 PSYoungGen      total 3584K, used 3552K [0x00000000f0500000, 0x00000000f0900000, 0x0000000100000000)
  eden space 3072K, 100% used [0x00000000f0500000,0x00000000f0800000,0x00000000f0800000)
  from space 512K, 93% used [0x00000000f0800000,0x00000000f0878010,0x00000000f0880000)
  to   space 512K, 0% used [0x00000000f0880000,0x00000000f0880000,0x00000000f0900000)
 ParOldGen       total 5632K, used 264K [0x00000000d1000000, 0x00000000d1580000, 0x00000000f0500000)
  object space 5632K, 4% used [0x00000000d1000000,0x00000000d1042010,0x00000000d1580000)
 PSPermGen       total 21504K, used 4992K [0x00000000cbe00000, 0x00000000cd300000, 0x00000000d1000000)
  object space 21504K, 23% used [0x00000000cbe00000,0x00000000cc2e03c8,0x00000000cd300000)
Event: 4.760 GC heap after
Heap after GC invocations=2 (full 0):
 PSYoungGen      total 3584K, used 496K [0x00000000f0500000, 0x00000000f0c00000, 0x0000000100000000)
  eden space 3072K, 0% used [0x00000000f0500000,0x00000000f0500000,0x00000000f0800000)
  from space 512K, 96% used [0x00000000f0880000,0x00000000f08fc010,0x00000000f0900000)
  to   space 512K, 0% used [0x00000000f0800000,0x00000000f0800000,0x00000000f0880000)
 ParOldGen       total 5632K, used 472K [0x00000000d1000000, 0x00000000d1580000, 0x00000000f0500000)
  object space 5632K, 8% used [0x00000000d1000000,0x00000000d1076020,0x00000000d1580000)
 PSPermGen       total 21504K, used 4992K [0x00000000cbe00000, 0x00000000cd300000, 0x00000000d1000000)
  object space 21504K, 23% used [0x00000000cbe00000,0x00000000cc2e03c8,0x00000000cd300000)
}
Event: 5.205 GC heap before
{Heap before GC invocations=3 (full 0):
 PSYoungGen      total 3584K, used 3568K [0x00000000f0500000, 0x00000000f0c00000, 0x0000000100000000)
  eden space 3072K, 100% used [0x00000000f0500000,0x00000000f0800000,0x00000000f0800000)
  from space 512K, 96% used [0x00000000f0880000,0x00000000f08fc010,0x00000000f0900000)
  to   space 512K, 0% used [0x00000000f0800000,0x00000000f0800000,0x00000000f0880000)
 ParOldGen       total 5632K, used 472K [0x00000000d1000000, 0x00000000d1580000, 0x00000000f0500000)
  object space 5632K, 8% used [0x00000000d1000000,0x00000000d1076020,0x00000000d1580000)
 PSPermGen       total 21504K, used 5960K [0x00000000cbe00000, 0x00000000cd300000, 0x00000000d1000000)
  object space 21504K, 27% used [0x00000000cbe00000,0x00000000cc3d2020,0x00000000cd300000)
Event: 5.228 GC heap after
Heap after GC invocations=3 (full 0):
 PSYoungGen      total 3584K, used 512K [0x00000000f0500000, 0x00000000f0c00000, 0x0000000100000000)
  eden space 3072K, 0% used [0x00000000f0500000,0x00000000f0500000,0x00000000f0800000)
  from space 512K, 100% used [0x00000000f0800000,0x00000000f0880000,0x00000000f0880000)
  to   space 512K, 0% used [0x00000000f0b80000,0x00000000f0b80000,0x00000000f0c00000)
 ParOldGen       total 5632K, used 1367K [0x00000000d1000000, 0x00000000d1580000, 0x00000000f0500000)
  object space 5632K, 24% used [0x00000000d1000000,0x00000000d1155f48,0x00000000d1580000)
 PSPermGen       total 21504K, used 5960K [0x00000000cbe00000, 0x00000000cd300000, 0x00000000d1000000)
  object space 21504K, 27% used [0x00000000cbe00000,0x00000000cc3d2020,0x00000000cd300000)
}
Event: 5.478 GC heap before
{Heap before GC invocations=4 (full 0):
 PSYoungGen      total 3584K, used 3582K [0x00000000f0500000, 0x00000000f0c00000, 0x0000000100000000)
  eden space 3072K, 99% used [0x00000000f0500000,0x00000000f07ffa40,0x00000000f0800000)
  from space 512K, 100% used [0x00000000f0800000,0x00000000f0880000,0x00000000f0880000)
  to   space 512K, 0% used [0x00000000f0b80000,0x00000000f0b80000,0x00000000f0c00000)
 ParOldGen       total 5632K, used 1367K [0x00000000d1000000, 0x00000000d1580000, 0x00000000f0500000)
  object space 5632K, 24% used [0x00000000d1000000,0x00000000d1155f48,0x00000000d1580000)
 PSPermGen       total 21504K, used 6080K [0x00000000cbe00000, 0x00000000cd300000, 0x00000000d1000000)
  object space 21504K, 28% used [0x00000000cbe00000,0x00000000cc3f0330,0x00000000cd300000)
Event: 5.486 GC heap after
Heap after GC invocations=4 (full 0):
 PSYoungGen      total 6656K, used 496K [0x00000000f0500000, 0x00000000f0c00000, 0x0000000100000000)
  eden space 6144K, 0% used [0x00000000f0500000,0x00000000f0500000,0x00000000f0b00000)
  from space 512K, 96% used [0x00000000f0b80000,0x00000000f0bfc010,0x00000000f0c00000)
  to   space 512K, 0% used [0x00000000f0b00000,0x00000000f0b00000,0x00000000f0b80000)
 ParOldGen       total 5632K, used 1673K [0x00000000d1000000, 0x00000000d1580000, 0x00000000f0500000)
  object space 5632K, 29% used [0x00000000d1000000,0x00000000d11a2728,0x00000000d1580000)
 PSPermGen       total 21504K, used 6080K [0x00000000cbe00000, 0x00000000cd300000, 0x00000000d1000000)
  object space 21504K, 28% used [0x00000000cbe00000,0x00000000cc3f0330,0x00000000cd300000)
}
Event: 7.091 GC heap before
{Heap before GC invocations=5 (full 0):
 PSYoungGen      total 6656K, used 5931K [0x00000000f0500000, 0x00000000f0c00000, 0x0000000100000000)
  eden space 6144K, 88% used [0x00000000f0500000,0x00000000f0a4efc0,0x00000000f0b00000)
  from space 512K, 96% used [0x00000000f0b80000,0x00000000f0bfc010,0x00000000f0c00000)
  to   space 512K, 0% used [0x00000000f0b00000,0x00000000f0b00000,0x00000000f0b80000)
 ParOldGen       total 5632K, used 1673K [0x00000000d1000000, 0x00000000d1580000, 0x00000000f0500000)
  object space 5632K, 29% used [0x00000000d1000000,0x00000000d11a2728,0x00000000d1580000)
 PSPermGen       total 21504K, used 6474K [0x00000000cbe00000, 0x00000000cd300000, 0x00000000d1000000)
  object space 21504K, 30% used [0x00000000cbe00000,0x00000000cc452918,0x00000000cd300000)
Event: 7.105 GC heap after
Heap after GC invocations=5 (full 0):
 PSYoungGen      total 6656K, used 512K [0x00000000f0500000, 0x00000000f1700000, 0x0000000100000000)
  eden space 6144K, 0% used [0x00000000f0500000,0x00000000f0500000,0x00000000f0b00000)
  from space 512K, 100% used [0x00000000f0b00000,0x00000000f0b80000,0x00000000f0b80000)
  to   space 3072K, 0% used [0x00000000f1400000,0x00000000f1400000,0x00000000f1700000)
 ParOldGen       total 5632K, used 4497K [0x00000000d1000000, 0x00000000d1580000, 0x00000000f0500000)
  object space 5632K, 79% used [0x00000000d1000000,0x00000000d1464590,0x00000000d1580000)
 PSPermGen       total 21504K, used 6474K [0x00000000cbe00000, 0x00000000cd300000, 0x00000000d1000000)
  object space 21504K, 30% used [0x00000000cbe00000,0x00000000cc452918,0x00000000cd300000)
}
Event: 7.105 GC heap before
{Heap before GC invocations=6 (full 1):
 PSYoungGen      total 6656K, used 512K [0x00000000f0500000, 0x00000000f1700000, 0x0000000100000000)
  eden space 6144K, 0% used [0x00000000f0500000,0x00000000f0500000,0x00000000f0b00000)
  from space 512K, 100% used [0x00000000f0b00000,0x00000000f0b80000,0x00000000f0b80000)
  to   space 3072K, 0% used [0x00000000f1400000,0x00000000f1400000,0x00000000f1700000)
 ParOldGen       total 5632K, used 4497K [0x00000000d1000000, 0x00000000d1580000, 0x00000000f0500000)
  object space 5632K, 79% used [0x00000000d1000000,0x00000000d1464590,0x00000000d1580000)
 PSPermGen       total 21504K, used 6474K [0x00000000cbe00000, 0x00000000cd300000, 0x00000000d1000000)
  object space 21504K, 30% used [0x00000000cbe00000,0x00000000cc452918,0x00000000cd300000)
Event: 7.249 GC heap after
Heap after GC invocations=6 (full 1):
 PSYoungGen      total 6656K, used 0K [0x00000000f0500000, 0x00000000f1700000, 0x0000000100000000)
  eden space 6144K, 0% used [0x00000000f0500000,0x00000000f0500000,0x00000000f0b00000)
  from space 512K, 0% used [0x00000000f0b00000,0x00000000f0b00000,0x00000000f0b80000)
  to   space 3072K, 0% used [0x00000000f1400000,0x00000000f1400000,0x00000000f1700000)
 ParOldGen       total 12288K, used 4586K [0x00000000d1000000, 0x00000000d1c00000, 0x00000000f0500000)
  object space 12288K, 37% used [0x00000000d1000000,0x00000000d147a940,0x00000000d1c00000)
 PSPermGen       total 21504K, used 6470K [0x00000000cbe00000, 0x00000000cd300000, 0x00000000d1000000)
  object space 21504K, 30% used [0x00000000cbe00000,0x00000000cc451850,0x00000000cd300000)
}

