# JRE version: Java(TM) SE Runtime Environment (7.0_80-b15) (build 1.7.0_80-b15)
# Java VM: Java HotSpot(TM) 64-Bit Server VM (24.80-b11 mixed mode windows-amd64 compressed oops)
Heap
 PSYoungGen      total 6656K, used 1143K [0x00000000f0500000, 0x00000000f1200000, 0x0000000100000000)
  eden space 6144K, 10% used [0x00000000f0500000,0x00000000f059dfc8,0x00000000f0b00000)
  from space 512K, 100% used [0x00000000f0b00000,0x00000000f0b80000,0x00000000f0b80000)
  to   space 512K, 0% used [0x00000000f1180000,0x00000000f1180000,0x00000000f1200000)
 ParOldGen       total 5632K, used 1661K [0x00000000d1000000, 0x00000000d1580000, 0x00000000f0500000)
  object space 5632K, 29% used [0x00000000d1000000,0x00000000d119f718,0x00000000d1580000)
 PSPermGen       total 21504K, used 6320K [0x00000000cbe00000, 0x00000000cd300000, 0x00000000d1000000)
  object space 21504K, 29% used [0x00000000cbe00000,0x00000000cc42c3a8,0x00000000cd300000)
GC Heap History (6 events):
Event: 1.293 GC heap before
{Heap before GC invocations=1 (full 0):
 PSYoungGen      total 3584K, used 3072K [0x00000000f0500000, 0x00000000f0900000, 0x0000000100000000)
  eden space 3072K, 100% used [0x00000000f0500000,0x00000000f0800000,0x00000000f0800000)
  from space 512K, 0% used [0x00000000f0880000,0x00000000f0880000,0x00000000f0900000)
  to   space 512K, 0% used [0x00000000f0800000,0x00000000f0800000,0x00000000f0880000)
 ParOldGen       total 5632K, used 0K [0x00000000d1000000, 0x00000000d1580000, 0x00000000f0500000)
  object space 5632K, 0% used [0x00000000d1000000,0x00000000d1000000,0x00000000d1580000)
 PSPermGen       total 21504K, used 3813K [0x00000000cbe00000, 0x00000000cd300000, 0x00000000d1000000)
  object space 21504K, 17% used [0x00000000cbe00000,0x00000000cc1b9480,0x00000000cd300000)
Event: 1.310 GC heap after
Heap after GC invocations=1 (full 0):
 PSYoungGen      total 3584K, used 496K [0x00000000f0500000, 0x00000000f0c00000, 0x0000000100000000)
  eden space 3072K, 0% used [0x00000000f0500000,0x00000000f0500000,0x00000000f0800000)
  from space 512K, 96% used [0x00000000f0800000,0x00000000f087c020,0x00000000f0880000)
  to   space 512K, 0% used [0x00000000f0b80000,0x00000000f0b80000,0x00000000f0c00000)
 ParOldGen       total 5632K, used 240K [0x00000000d1000000, 0x00000000d1580000, 0x00000000f0500000)
  object space 5632K, 4% used [0x00000000d1000000,0x00000000d103c010,0x00000000d1580000)
 PSPermGen       total 21504K, used 3813K [0x00000000cbe00000, 0x00000000cd300000, 0x00000000d1000000)
  object space 21504K, 17% used [0x00000000cbe00000,0x00000000cc1b9480,0x00000000cd300000)
}
Event: 1.654 GC heap before
{Heap before GC invocations=2 (full 0):
 PSYoungGen      total 3584K, used 3568K [0x00000000f0500000, 0x00000000f0c00000, 0x0000000100000000)
  eden space 3072K, 100% used [0x00000000f0500000,0x00000000f0800000,0x00000000f0800000)
  from space 512K, 96% used [0x00000000f0800000,0x00000000f087c020,0x00000000f0880000)
  to   space 512K, 0% used [0x00000000f0b80000,0x00000000f0b80000,0x00000000f0c00000)
 ParOldGen       total 5632K, used 240K [0x00000000d1000000, 0x00000000d1580000, 0x00000000f0500000)
  object space 5632K, 4% used [0x00000000d1000000,0x00000000d103c010,0x00000000d1580000)
 PSPermGen       total 21504K, used 4989K [0x00000000cbe00000, 0x00000000cd300000, 0x00000000d1000000)
  object space 21504K, 23% used [0x00000000cbe00000,0x00000000cc2df5d8,0x00000000cd300000)
Event: 1.658 GC heap after
Heap after GC invocations=2 (full 0):
 PSYoungGen      total 6656K, used 496K [0x00000000f0500000, 0x00000000f0c00000, 0x0000000100000000)
  eden space 6144K, 0% used [0x00000000f0500000,0x00000000f0500000,0x00000000f0b00000)
  from space 512K, 96% used [0x00000000f0b80000,0x00000000f0bfc010,0x00000000f0c00000)
  to   space 512K, 0% used [0x00000000f0b00000,0x00000000f0b00000,0x00000000f0b80000)
 ParOldGen       total 5632K, used 472K [0x00000000d1000000, 0x00000000d1580000, 0x00000000f0500000)
  object space 5632K, 8% used [0x00000000d1000000,0x00000000d1076020,0x00000000d1580000)
 PSPermGen       total 21504K, used 4989K [0x00000000cbe00000, 0x00000000cd300000, 0x00000000d1000000)
  object space 21504K, 23% used [0x00000000cbe00000,0x00000000cc2df5d8,0x00000000cd300000)
}
Event: 2.083 GC heap before
{Heap before GC invocations=3 (full 0):
 PSYoungGen      total 6656K, used 6640K [0x00000000f0500000, 0x00000000f0c00000, 0x0000000100000000)
  eden space 6144K, 100% used [0x00000000f0500000,0x00000000f0b00000,0x00000000f0b00000)
  from space 512K, 96% used [0x00000000f0b80000,0x00000000f0bfc010,0x00000000f0c00000)
  to   space 512K, 0% used [0x00000000f0b00000,0x00000000f0b00000,0x00000000f0b80000)
 ParOldGen       total 5632K, used 472K [0x00000000d1000000, 0x00000000d1580000, 0x00000000f0500000)
  object space 5632K, 8% used [0x00000000d1000000,0x00000000d1076020,0x00000000d1580000)
 PSPermGen       total 21504K, used 6080K [0x00000000cbe00000, 0x00000000cd300000, 0x00000000d1000000)
  object space 21504K, 28% used [0x00000000cbe00000,0x00000000cc3f02c0,0x00000000cd300000)
Event: 2.091 GC heap after
Heap after GC invocations=3 (full 0):
 PSYoungGen      total 6656K, used 512K [0x00000000f0500000, 0x00000000f1200000, 0x0000000100000000)
  eden space 6144K, 0% used [0x00000000f0500000,0x00000000f0500000,0x00000000f0b00000)
  from space 512K, 100% used [0x00000000f0b00000,0x00000000f0b80000,0x00000000f0b80000)
  to   space 512K, 0% used [0x00000000f1180000,0x00000000f1180000,0x00000000f1200000)
 ParOldGen       total 5632K, used 1661K [0x00000000d1000000, 0x00000000d1580000, 0x00000000f0500000)
  object space 5632K, 29% used [0x00000000d1000000,0x00000000d119f718,0x00000000d1580000)
 PSPermGen       total 21504K, used 6080K [0x00000000cbe00000, 0x00000000cd300000, 0x00000000d1000000)
  object space 21504K, 28% used [0x00000000cbe00000,0x00000000cc3f02c0,0x00000000cd300000)
}

